# JRE version: OpenJDK Runtime Environment Temurin-17.0.17+10 (17.0.17+10) (build 17.0.17+10)
# Java VM: OpenJDK 64-Bit Server VM Temurin-17.0.17+10 (17.0.17+10, mixed mode, sharing, tiered, compressed oops, compressed class ptrs, g1 gc, windows-amd64)
GC Precious Log:
 CPUs: 8 total, 8 available
 Memory: 7930M
 Large Page Support: Disabled
 NUMA Support: Disabled
 Compressed Oops: Enabled (32-bit)
 Heap Region Size: 1M
 Heap Min Capacity: 8M
 Heap Initial Capacity: 124M
 Heap Max Capacity: 2G
 Pre-touch: Disabled
 Parallel Workers: 8
 Concurrent Workers: 2
 Concurrent Refinement Workers: 8
 Periodic GC: Disabled
Heap:
 garbage-first heap   total 427008K, used 337756K [0x0000000080000000, 0x0000000100000000)
  region size 1024K, 5 young (5120K), 5 survivors (5120K)
 Metaspace       used 154207K, committed 155264K, reserved 622592K
  class space    used 19574K, committed 20032K, reserved 425984K
GC Heap History (20 events):
Event: 53.714 GC heap after
{Heap after GC invocations=98 (full 0):
 garbage-first heap   total 357376K, used 202509K [0x0000000080000000, 0x0000000100000000)
  region size 1024K, 19 young (19456K), 19 survivors (19456K)
 Metaspace       used 137190K, committed 138112K, reserved 557056K
  class space    used 17412K, committed 17856K, reserved 425984K
}
Event: 54.088 GC heap before
{Heap before GC invocations=98 (full 0):
 garbage-first heap   total 357376K, used 286477K [0x0000000080000000, 0x0000000100000000)
  region size 1024K, 101 young (103424K), 19 survivors (19456K)
 Metaspace       used 137585K, committed 138496K, reserved 557056K
  class space    used 17457K, committed 17856K, reserved 425984K
}
Event: 54.124 GC heap after
{Heap after GC invocations=99 (full 0):
 garbage-first heap   total 427008K, used 233572K [0x0000000080000000, 0x0000000100000000)
  region size 1024K, 13 young (13312K), 13 survivors (13312K)
 Metaspace       used 137585K, committed 138496K, reserved 557056K
  class space    used 17457K, committed 17856K, reserved 425984K
}
Event: 55.568 GC heap before
{Heap before GC invocations=100 (full 0):
 garbage-first heap   total 427008K, used 311283K [0x0000000080000000, 0x0000000100000000)
  region size 1024K, 106 young (108544K), 13 survivors (13312K)
 Metaspace       used 141978K, committed 142976K, reserved 557056K
  class space    used 18043K, committed 18496K, reserved 425984K
}
Event: 55.591 GC heap after
{Heap after GC invocations=101 (full 0):
 garbage-first heap   total 427008K, used 234483K [0x0000000080000000, 0x0000000100000000)
  region size 1024K, 14 young (14336K), 14 survivors (14336K)
 Metaspace       used 141978K, committed 142976K, reserved 557056K
  class space    used 18043K, committed 18496K, reserved 425984K
}
Event: 55.671 GC heap before
{Heap before GC invocations=101 (full 0):
 garbage-first heap   total 427008K, used 239603K [0x0000000080000000, 0x0000000100000000)
  region size 1024K, 20 young (20480K), 14 survivors (14336K)
 Metaspace       used 142343K, committed 143360K, reserved 557056K
  class space    used 18086K, committed 18560K, reserved 425984K
}
Event: 55.690 GC heap after
{Heap after GC invocations=102 (full 0):
 garbage-first heap   total 427008K, used 217802K [0x0000000080000000, 0x0000000100000000)
  region size 1024K, 3 young (3072K), 3 survivors (3072K)
 Metaspace       used 142343K, committed 143360K, reserved 557056K
  class space    used 18086K, committed 18560K, reserved 425984K
}
Event: 57.170 GC heap before
{Heap before GC invocations=102 (full 0):
 garbage-first heap   total 427008K, used 325322K [0x0000000080000000, 0x0000000100000000)
  region size 1024K, 107 young (109568K), 3 survivors (3072K)
 Metaspace       used 149637K, committed 150528K, reserved 557056K
  class space    used 19185K, committed 19584K, reserved 425984K
}
Event: 57.176 GC heap after
{Heap after GC invocations=103 (full 0):
 garbage-first heap   total 427008K, used 219829K [0x0000000080000000, 0x0000000100000000)
  region size 1024K, 5 young (5120K), 5 survivors (5120K)
 Metaspace       used 149637K, committed 150528K, reserved 557056K
  class space    used 19185K, committed 19584K, reserved 425984K
}
Event: 57.937 GC heap before
{Heap before GC invocations=103 (full 0):
 garbage-first heap   total 427008K, used 340661K [0x0000000080000000, 0x0000000100000000)
  region size 1024K, 115 young (117760K), 5 survivors (5120K)
 Metaspace       used 150194K, committed 151168K, reserved 622592K
  class space    used 19199K, committed 19648K, reserved 425984K
}
Event: 57.960 GC heap after
{Heap after GC invocations=104 (full 0):
 garbage-first heap   total 427008K, used 245705K [0x0000000080000000, 0x0000000100000000)
  region size 1024K, 15 young (15360K), 15 survivors (15360K)
 Metaspace       used 150194K, committed 151168K, reserved 622592K
  class space    used 19199K, committed 19648K, reserved 425984K
}
Event: 58.785 GC heap before
{Heap before GC invocations=104 (full 0):
 garbage-first heap   total 427008K, used 331721K [0x0000000080000000, 0x0000000100000000)
  region size 1024K, 98 young (100352K), 15 survivors (15360K)
 Metaspace       used 150960K, committed 151936K, reserved 622592K
  class space    used 19242K, committed 19648K, reserved 425984K
}
Event: 58.812 GC heap after
{Heap after GC invocations=105 (full 0):
 garbage-first heap   total 427008K, used 272384K [0x0000000080000000, 0x0000000100000000)
  region size 1024K, 13 young (13312K), 13 survivors (13312K)
 Metaspace       used 150960K, committed 151936K, reserved 622592K
  class space    used 19242K, committed 19648K, reserved 425984K
}
Event: 60.128 GC heap before
{Heap before GC invocations=105 (full 0):
 garbage-first heap   total 427008K, used 336896K [0x0000000080000000, 0x0000000100000000)
  region size 1024K, 76 young (77824K), 13 survivors (13312K)
 Metaspace       used 153726K, committed 154688K, reserved 622592K
  class space    used 19536K, committed 19968K, reserved 425984K
}
Event: 60.146 GC heap after
{Heap after GC invocations=106 (full 0):
 garbage-first heap   total 427008K, used 284672K [0x0000000080000000, 0x0000000100000000)
  region size 1024K, 10 young (10240K), 10 survivors (10240K)
 Metaspace       used 153726K, committed 154688K, reserved 622592K
  class space    used 19536K, committed 19968K, reserved 425984K
}
Event: 60.320 GC heap before
{Heap before GC invocations=106 (full 0):
 garbage-first heap   total 427008K, used 345088K [0x0000000080000000, 0x0000000100000000)
  region size 1024K, 69 young (70656K), 10 survivors (10240K)
 Metaspace       used 153753K, committed 154688K, reserved 622592K
  class space    used 19536K, committed 19968K, reserved 425984K
}
Event: 60.343 GC heap after
{Heap after GC invocations=107 (full 0):
 garbage-first heap   total 427008K, used 308610K [0x0000000080000000, 0x0000000100000000)
  region size 1024K, 9 young (9216K), 9 survivors (9216K)
 Metaspace       used 153753K, committed 154688K, reserved 622592K
  class space    used 19536K, committed 19968K, reserved 425984K
}
Event: 60.572 GC heap before
{Heap before GC invocations=107 (full 0):
 garbage-first heap   total 427008K, used 353666K [0x0000000080000000, 0x0000000100000000)
  region size 1024K, 52 young (53248K), 9 survivors (9216K)
 Metaspace       used 153822K, committed 154752K, reserved 622592K
  class space    used 19537K, committed 19968K, reserved 425984K
}
Event: 60.595 GC heap after
{Heap after GC invocations=108 (full 0):
 garbage-first heap   total 427008K, used 325248K [0x0000000080000000, 0x0000000100000000)
  region size 1024K, 7 young (7168K), 7 survivors (7168K)
 Metaspace       used 153822K, committed 154752K, reserved 622592K
  class space    used 19537K, committed 19968K, reserved 425984K
}
Event: 60.957 GC heap before
{Heap before GC invocations=108 (full 0):
 garbage-first heap   total 427008K, used 358016K [0x0000000080000000, 0x0000000100000000)
  region size 1024K, 39 young (39936K), 7 survivors (7168K)
 Metaspace       used 154207K, committed 155264K, reserved 622592K
  class space    used 19574K, committed 20032K, reserved 425984K
}

